<?xml version="1.0" encoding="UTF-8"?>
<!-- Generated by org.testng.reporters.JUnitReportReporter -->
<testsuite hostname="Lenovo" failures="0" tests="2" name="testLayer.LoginTest2" time="1.539" errors="0" timestamp="2025-08-12T09:26:02 IST" skipped="0">
  <testcase classname="testLayer.LoginTest2" name="loginApp" time="1.469"/>
  <testcase classname="testLayer.LoginTest2" name="m1" time="0.070"/>
</testsuite> <!-- testLayer.LoginTest2 -->
