<?xml version="1.0" encoding="UTF-8"?>
<!-- Generated by org.testng.reporters.JUnitReportReporter -->
<testsuite hostname="Lenovo" failures="0" tests="1" name="testLayer.LoginApp" time="0.632" errors="0" timestamp="2025-08-11T09:37:16 IST" skipped="0">
  <testcase classname="testLayer.LoginApp" name="loginApp" time="0.632"/>
</testsuite> <!-- testLayer.LoginApp -->
